<?xml version="1.0" encoding="UTF-8"?>
<testsuite name="Password Validator Test" tests="3" skipped="0" failures="0" errors="0" timestamp="2020-10-27T03:25:45" hostname="tw-carolynhung" time="0.015">
  <properties/>
  <testcase name="given test123! should return valid password" classname="Password Validator Test" time="0.009"/>
  <testcase name="given t! should return invalid password" classname="Password Validator Test" time="0.004"/>
  <testcase name="this block is for dynamic test" classname="Password Validator Test" time="0.035"/>
  <system-out><![CDATA[]]></system-out>
  <system-err><![CDATA[]]></system-err>
</testsuite>
